# JRE version: OpenJDK Runtime Environment (8.0_302-b07) (build 1.8.0_302-b07)
# Java VM: OpenJDK 64-Bit Server VM GraalVM CE 21.2.0 (25.302-b07-jvmci-21.2-b08 mixed mode linux-amd64 compressed oops)
Heap:
 def new generation   total 9792K, used 3890K [0x00000000fe000000, 0x00000000feaa0000, 0x00000000feaa0000)
  eden space 8704K,  40% used [0x00000000fe000000, 0x00000000fe3673d0, 0x00000000fe880000)
  from space 1088K,  37% used [0x00000000fe990000, 0x00000000fe9f5670, 0x00000000feaa0000)
  to   space 1088K,   0% used [0x00000000fe880000, 0x00000000fe880000, 0x00000000fe990000)
 tenured generation   total 21888K, used 7611K [0x00000000feaa0000, 0x0000000100000000, 0x0000000100000000)
   the space 21888K,  34% used [0x00000000feaa0000, 0x00000000ff20ec58, 0x00000000ff20ee00, 0x0000000100000000)
 Metaspace       used 19373K, capacity 19712K, committed 19968K, reserved 1067008K
  class space    used 2157K, capacity 2290K, committed 2304K, reserved 1048576K
GC Heap History (10 events):
Event: 6369.315 GC heap before
{Heap before GC invocations=8 (full 0):
 def new generation   total 9792K, used 9181K [0x00000000fe000000, 0x00000000feaa0000, 0x00000000feaa0000)
  eden space 8704K, 100% used [0x00000000fe000000, 0x00000000fe880000, 0x00000000fe880000)
  from space 1088K,  43% used [0x00000000fe880000, 0x00000000fe8f77a8, 0x00000000fe990000)
  to   space 1088K,   0% used [0x00000000fe990000, 0x00000000fe990000, 0x00000000feaa0000)
 tenured generation   total 21888K, used 7611K [0x00000000feaa0000, 0x0000000100000000, 0x0000000100000000)
   the space 21888K,  34% used [0x00000000feaa0000, 0x00000000ff20ec58, 0x00000000ff20ee00, 0x0000000100000000)
 Metaspace       used 19130K, capacity 19444K, committed 19712K, reserved 1067008K
  class space    used 2154K, capacity 2288K, committed 2304K, reserved 1048576K
Event: 6369.347 GC heap after
Heap after GC invocations=9 (full 0):
 def new generation   total 9792K, used 363K [0x00000000fe000000, 0x00000000feaa0000, 0x00000000feaa0000)
  eden space 8704K,   0% used [0x00000000fe000000, 0x00000000fe000000, 0x00000000fe880000)
  from space 1088K,  33% used [0x00000000fe990000, 0x00000000fe9eac58, 0x00000000feaa0000)
  to   space 1088K,   0% used [0x00000000fe880000, 0x00000000fe880000, 0x00000000fe990000)
 tenured generation   total 21888K, used 7611K [0x00000000feaa0000, 0x0000000100000000, 0x0000000100000000)
   the space 21888K,  34% used [0x00000000feaa0000, 0x00000000ff20ec58, 0x00000000ff20ee00, 0x0000000100000000)
 Metaspace       used 19130K, capacity 19444K, committed 19712K, reserved 1067008K
  class space    used 2154K, capacity 2288K, committed 2304K, reserved 1048576K
}
Event: 7280.591 GC heap before
{Heap before GC invocations=9 (full 0):
 def new generation   total 9792K, used 9067K [0x00000000fe000000, 0x00000000feaa0000, 0x00000000feaa0000)
  eden space 8704K, 100% used [0x00000000fe000000, 0x00000000fe880000, 0x00000000fe880000)
  from space 1088K,  33% used [0x00000000fe990000, 0x00000000fe9eac58, 0x00000000feaa0000)
  to   space 1088K,   0% used [0x00000000fe880000, 0x00000000fe880000, 0x00000000fe990000)
 tenured generation   total 21888K, used 7611K [0x00000000feaa0000, 0x0000000100000000, 0x0000000100000000)
   the space 21888K,  34% used [0x00000000feaa0000, 0x00000000ff20ec58, 0x00000000ff20ee00, 0x0000000100000000)
 Metaspace       used 19173K, capacity 19444K, committed 19712K, reserved 1067008K
  class space    used 2154K, capacity 2288K, committed 2304K, reserved 1048576K
Event: 7280.655 GC heap after
Heap after GC invocations=10 (full 0):
 def new generation   total 9792K, used 426K [0x00000000fe000000, 0x00000000feaa0000, 0x00000000feaa0000)
  eden space 8704K,   0% used [0x00000000fe000000, 0x00000000fe000000, 0x00000000fe880000)
  from space 1088K,  39% used [0x00000000fe880000, 0x00000000fe8ea9b0, 0x00000000fe990000)
  to   space 1088K,   0% used [0x00000000fe990000, 0x00000000fe990000, 0x00000000feaa0000)
 tenured generation   total 21888K, used 7611K [0x00000000feaa0000, 0x0000000100000000, 0x0000000100000000)
   the space 21888K,  34% used [0x00000000feaa0000, 0x00000000ff20ec58, 0x00000000ff20ee00, 0x0000000100000000)
 Metaspace       used 19173K, capacity 19444K, committed 19712K, reserved 1067008K
  class space    used 2154K, capacity 2288K, committed 2304K, reserved 1048576K
}
Event: 8190.946 GC heap before
{Heap before GC invocations=10 (full 0):
 def new generation   total 9792K, used 9130K [0x00000000fe000000, 0x00000000feaa0000, 0x00000000feaa0000)
  eden space 8704K, 100% used [0x00000000fe000000, 0x00000000fe880000, 0x00000000fe880000)
  from space 1088K,  39% used [0x00000000fe880000, 0x00000000fe8ea9b0, 0x00000000fe990000)
  to   space 1088K,   0% used [0x00000000fe990000, 0x00000000fe990000, 0x00000000feaa0000)
 tenured generation   total 21888K, used 7611K [0x00000000feaa0000, 0x0000000100000000, 0x0000000100000000)
   the space 21888K,  34% used [0x00000000feaa0000, 0x00000000ff20ec58, 0x00000000ff20ee00, 0x0000000100000000)
 Metaspace       used 19232K, capacity 19514K, committed 19712K, reserved 1067008K
  class space    used 2155K, capacity 2289K, committed 2304K, reserved 1048576K
Event: 8191.025 GC heap after
Heap after GC invocations=11 (full 0):
 def new generation   total 9792K, used 402K [0x00000000fe000000, 0x00000000feaa0000, 0x00000000feaa0000)
  eden space 8704K,   0% used [0x00000000fe000000, 0x00000000fe000000, 0x00000000fe880000)
  from space 1088K,  36% used [0x00000000fe990000, 0x00000000fe9f48e8, 0x00000000feaa0000)
  to   space 1088K,   0% used [0x00000000fe880000, 0x00000000fe880000, 0x00000000fe990000)
 tenured generation   total 21888K, used 7611K [0x00000000feaa0000, 0x0000000100000000, 0x0000000100000000)
   the space 21888K,  34% used [0x00000000feaa0000, 0x00000000ff20ec58, 0x00000000ff20ee00, 0x0000000100000000)
 Metaspace       used 19232K, capacity 19514K, committed 19712K, reserved 1067008K
  class space    used 2155K, capacity 2289K, committed 2304K, reserved 1048576K
}
Event: 9989.676 GC heap before
{Heap before GC invocations=11 (full 0):
 def new generation   total 9792K, used 9106K [0x00000000fe000000, 0x00000000feaa0000, 0x00000000feaa0000)
  eden space 8704K, 100% used [0x00000000fe000000, 0x00000000fe880000, 0x00000000fe880000)
  from space 1088K,  36% used [0x00000000fe990000, 0x00000000fe9f48e8, 0x00000000feaa0000)
  to   space 1088K,   0% used [0x00000000fe880000, 0x00000000fe880000, 0x00000000fe990000)
 tenured generation   total 21888K, used 7611K [0x00000000feaa0000, 0x0000000100000000, 0x0000000100000000)
   the space 21888K,  34% used [0x00000000feaa0000, 0x00000000ff20ec58, 0x00000000ff20ee00, 0x0000000100000000)
 Metaspace       used 19282K, capacity 19578K, committed 19968K, reserved 1067008K
  class space    used 2155K, capacity 2289K, committed 2304K, reserved 1048576K
Event: 9989.781 GC heap after
Heap after GC invocations=12 (full 0):
 def new generation   total 9792K, used 390K [0x00000000fe000000, 0x00000000feaa0000, 0x00000000feaa0000)
  eden space 8704K,   0% used [0x00000000fe000000, 0x00000000fe000000, 0x00000000fe880000)
  from space 1088K,  35% used [0x00000000fe880000, 0x00000000fe8e1a30, 0x00000000fe990000)
  to   space 1088K,   0% used [0x00000000fe990000, 0x00000000fe990000, 0x00000000feaa0000)
 tenured generation   total 21888K, used 7611K [0x00000000feaa0000, 0x0000000100000000, 0x0000000100000000)
   the space 21888K,  34% used [0x00000000feaa0000, 0x00000000ff20ec58, 0x00000000ff20ee00, 0x0000000100000000)
 Metaspace       used 19282K, capacity 19578K, committed 19968K, reserved 1067008K
  class space    used 2155K, capacity 2289K, committed 2304K, reserved 1048576K
}
Event: 10900.071 GC heap before
{Heap before GC invocations=12 (full 0):
 def new generation   total 9792K, used 9094K [0x00000000fe000000, 0x00000000feaa0000, 0x00000000feaa0000)
  eden space 8704K, 100% used [0x00000000fe000000, 0x00000000fe880000, 0x00000000fe880000)
  from space 1088K,  35% used [0x00000000fe880000, 0x00000000fe8e1a30, 0x00000000fe990000)
  to   space 1088K,   0% used [0x00000000fe990000, 0x00000000fe990000, 0x00000000feaa0000)
 tenured generation   total 21888K, used 7611K [0x00000000feaa0000, 0x0000000100000000, 0x0000000100000000)
   the space 21888K,  34% used [0x00000000feaa0000, 0x00000000ff20ec58, 0x00000000ff20ee00, 0x0000000100000000)
 Metaspace       used 19352K, capacity 19712K, committed 19968K, reserved 1067008K
  class space    used 2155K, capacity 2290K, committed 2304K, reserved 1048576K
Event: 10900.176 GC heap after
Heap after GC invocations=13 (full 0):
 def new generation   total 9792K, used 405K [0x00000000fe000000, 0x00000000feaa0000, 0x00000000feaa0000)
  eden space 8704K,   0% used [0x00000000fe000000, 0x00000000fe000000, 0x00000000fe880000)
  from space 1088K,  37% used [0x00000000fe990000, 0x00000000fe9f5670, 0x00000000feaa0000)
  to   space 1088K,   0% used [0x00000000fe880000, 0x00000000fe880000, 0x00000000fe990000)
 tenured generation   total 21888K, used 7611K [0x00000000feaa0000, 0x0000000100000000, 0x0000000100000000)
   the space 21888K,  34% used [0x00000000feaa0000, 0x00000000ff20ec58, 0x00000000ff20ee00, 0x0000000100000000)
 Metaspace       used 19352K, capacity 19712K, committed 19968K, reserved 1067008K
  class space    used 2155K, capacity 2290K, committed 2304K, reserved 1048576K
}

