# JRE version: OpenJDK Runtime Environment (8.0_302-b07) (build 1.8.0_302-b07)
# Java VM: OpenJDK 64-Bit Server VM GraalVM CE 21.2.0 (25.302-b07-jvmci-21.2-b08 mixed mode linux-amd64 compressed oops)
Heap:
 def new generation   total 9792K, used 3142K [0x00000000fe000000, 0x00000000feaa0000, 0x00000000feaa0000)
  eden space 8704K,  23% used [0x00000000fe000000, 0x00000000fe201af0, 0x00000000fe880000)
  from space 1088K,  99% used [0x00000000fe880000, 0x00000000fe98fff8, 0x00000000fe990000)
  to   space 1088K,   0% used [0x00000000fe990000, 0x00000000fe990000, 0x00000000feaa0000)
 tenured generation   total 21888K, used 3479K [0x00000000feaa0000, 0x0000000100000000, 0x0000000100000000)
   the space 21888K,  15% used [0x00000000feaa0000, 0x00000000fee05ee8, 0x00000000fee06000, 0x0000000100000000)
 Metaspace       used 12457K, capacity 12690K, committed 12928K, reserved 1060864K
  class space    used 1455K, capacity 1549K, committed 1664K, reserved 1048576K
GC Heap History (4 events):
Event: 130.287 GC heap before
{Heap before GC invocations=0 (full 0):
 def new generation   total 9792K, used 8704K [0x00000000fe000000, 0x00000000feaa0000, 0x00000000feaa0000)
  eden space 8704K, 100% used [0x00000000fe000000, 0x00000000fe880000, 0x00000000fe880000)
  from space 1088K,   0% used [0x00000000fe880000, 0x00000000fe880000, 0x00000000fe990000)
  to   space 1088K,   0% used [0x00000000fe990000, 0x00000000fe990000, 0x00000000feaa0000)
 tenured generation   total 21888K, used 0K [0x00000000feaa0000, 0x0000000100000000, 0x0000000100000000)
   the space 21888K,   0% used [0x00000000feaa0000, 0x00000000feaa0000, 0x00000000feaa0200, 0x0000000100000000)
 Metaspace       used 7470K, capacity 7662K, committed 7936K, reserved 1056768K
  class space    used 848K, capacity 939K, committed 1024K, reserved 1048576K
Event: 130.319 GC heap after
Heap after GC invocations=1 (full 0):
 def new generation   total 9792K, used 1087K [0x00000000fe000000, 0x00000000feaa0000, 0x00000000feaa0000)
  eden space 8704K,   0% used [0x00000000fe000000, 0x00000000fe000000, 0x00000000fe880000)
  from space 1088K,  99% used [0x00000000fe990000, 0x00000000fea9fff8, 0x00000000feaa0000)
  to   space 1088K,   0% used [0x00000000fe880000, 0x00000000fe880000, 0x00000000fe990000)
 tenured generation   total 21888K, used 951K [0x00000000feaa0000, 0x0000000100000000, 0x0000000100000000)
   the space 21888K,   4% used [0x00000000feaa0000, 0x00000000feb8df40, 0x00000000feb8e000, 0x0000000100000000)
 Metaspace       used 7470K, capacity 7662K, committed 7936K, reserved 1056768K
  class space    used 848K, capacity 939K, committed 1024K, reserved 1048576K
}
Event: 609.029 GC heap before
{Heap before GC invocations=1 (full 0):
 def new generation   total 9792K, used 9791K [0x00000000fe000000, 0x00000000feaa0000, 0x00000000feaa0000)
  eden space 8704K, 100% used [0x00000000fe000000, 0x00000000fe880000, 0x00000000fe880000)
  from space 1088K,  99% used [0x00000000fe990000, 0x00000000fea9fff8, 0x00000000feaa0000)
  to   space 1088K,   0% used [0x00000000fe880000, 0x00000000fe880000, 0x00000000fe990000)
 tenured generation   total 21888K, used 951K [0x00000000feaa0000, 0x0000000100000000, 0x0000000100000000)
   the space 21888K,   4% used [0x00000000feaa0000, 0x00000000feb8df40, 0x00000000feb8e000, 0x0000000100000000)
 Metaspace       used 11275K, capacity 11504K, committed 11648K, reserved 1058816K
  class space    used 1304K, capacity 1388K, committed 1408K, reserved 1048576K
Event: 609.253 GC heap after
Heap after GC invocations=2 (full 0):
 def new generation   total 9792K, used 1087K [0x00000000fe000000, 0x00000000feaa0000, 0x00000000feaa0000)
  eden space 8704K,   0% used [0x00000000fe000000, 0x00000000fe000000, 0x00000000fe880000)
  from space 1088K,  99% used [0x00000000fe880000, 0x00000000fe98fff8, 0x00000000fe990000)
  to   space 1088K,   0% used [0x00000000fe990000, 0x00000000fe990000, 0x00000000feaa0000)
 tenured generation   total 21888K, used 3479K [0x00000000feaa0000, 0x0000000100000000, 0x0000000100000000)
   the space 21888K,  15% used [0x00000000feaa0000, 0x00000000fee05ee8, 0x00000000fee06000, 0x0000000100000000)
 Metaspace       used 11275K, capacity 11504K, committed 11648K, reserved 1058816K
  class space    used 1304K, capacity 1388K, committed 1408K, reserved 1048576K
}

